<?xml version="1.0" encoding="UTF-8"?>
<!-- Generated by org.testng.reporters.JUnitReportReporter -->
<testsuite skipped="1" hostname="Rajesh" name="tests.FirstTestModified" tests="2" failures="0" timestamp="19 Sep 2022 07:15:55 GMT" time="8.926" errors="0">
  <testcase name="submitOrder" time="8.926" classname="tests.FirstTestModified"/>
  <testcase name="orderHistoryTest" classname="tests.FirstTestModified">
    <skipped/>
  </testcase> <!-- orderHistoryTest -->
</testsuite> <!-- tests.FirstTestModified -->
