<?xml version="1.0" encoding="UTF-8"?>
<!-- Generated by org.testng.reporters.JUnitReportReporter -->
<testsuite skipped="0" hostname="Rajesh" name="tests.ErrorValidation" tests="2" failures="0" timestamp="17 Sep 2022 09:29:59 GMT" time="14.842" errors="0">
  <testcase name="errorMessageValidation" time="5.675" classname="tests.ErrorValidation"/>
  <testcase name="productErrorValidation" time="9.167" classname="tests.ErrorValidation"/>
</testsuite> <!-- tests.ErrorValidation -->
